Nur in ..: a.out.
Nur in ..: aver.mod.
Nur in ..: aver.o.
Nur in ..: backup_2020_11_23.
Nur in ..: backup_2021_05_19.
Nur in ..: BUGS.
Nur in ..: CHANGES.COFIMA.
Nur in ..: CHANGES.SADECO.
Nur in ..: checksymlat1.temp.
Nur in ..: checksymlat.temp.
Nur in ..: cluster.f.bak.
Nur in ..: cluster.f.bak1.
Nur in ..: cluster.mod.
Nur in ..: cluster.o.
Nur in ..: cofima.
Nur in ..: cofima.bak.
Nur in ..: cofima.f.bak.
Nur in ..: cofima.f.bak1.
Nur in ..: cofima.f.bak2.
Nur in ..: cofima.f.bak3.
Nur in ..: cofima.f.fails.
Nur in ..: cofima.o.
Nur in ..: cofima.tar.gz.
Nur in ..: combi.f.bak.
Nur in ..: combi.mod.
Nur in ..: combi.o.
Nur in ..: compile.out.
Nur in ..: compile.sh.
Nur in ..: convert.mod.
Nur in ..: convert.o.
Nur in ..: crysanpero.f.1.
Nur in ..: crysanpero.f.bak.
Nur in ..: crysanpero.f.bak1.
Nur in ..: crysanpero.f.bak2.
Nur in ..: crysanpero.mod.
Nur in ..: crysanpero.o.
Nur in ..: cutmod.f.bak.
Nur in ..: cutmod.mod.
Nur in ..: cutmod.o.
Nur in ..: defs.f.bak.
Nur in ..: defs.f.bak2.
Nur in ..: defs.mod.
Nur in ..: defs.o.
Nur in ..: deriv.f.bak.
Nur in ..: deriv.mod.
Nur in ..: deriv.o.
Dateien ./diff.out und ../diff.out sind verschieden.
Nur in ..: diff.sh.
Nur in ..: diff.txt.
Nur in ..: distri.f.bak.
Nur in ..: distri.mod.
Nur in ..: distri.o.
Nur in ..: DONE.TANG.
Nur in ..: energy.f.bak.
Nur in ..: for_dlpoly.mod.
Nur in ..: for_dlpoly.o.
Nur in ..: for_gulp.f.bak.
Nur in ..: for_gulp.mod.
Nur in ..: for_gulp.o.
Nur in ..: for_lammps.mod.
Nur in ..: for_lammps.o.
Nur in ..: for_mbpp.mod.
Nur in ..: for_mbpp.o.
Nur in ..: gaussians.f.bak.
Nur in ..: gaussians.mod.
Nur in ..: gaussians.o.
Nur in ..: get_code.sh.
Nur in ..: github.
Nur in ..: gspace.f.bak.
Nur in ..: gspace.f.bak1.
Nur in ..: gspace.f.bak2.
Nur in ..: gspace.f.bak3.
Nur in ..: gspace.f.bak4.
Nur in ..: gspace.f.bak5.
Nur in ..: gspace.f.new.
Nur in ..: gspace.f.works.
Nur in ..: gspace.f.works2.
Nur in ..: gspace.f.wrong.
Nur in ..: help_cofima.f.bak.
Nur in ..: help_cofima.o.
Nur in ..: help.mod.
Nur in ..: integr.f.bak.
Nur in ..: integr.f.bak2.
Nur in ..: integr.f.bak3.
Nur in ..: integr.mod.
Nur in ..: integr.o.
Nur in ..: ipol.mod.
Nur in ..: ipol.o.
Nur in ..: linalg.f.bak.
Nur in ..: linalg.f.bak2.
Nur in ..: linalg.f.bak3.
Nur in ..: linalg.f.bak4.
Nur in ..: linalg.f.bak5.
Nur in ..: linalg.f.bak6.
Nur in ..: linalg.f.new.
Nur in ..: linalg.f.test.
Nur in ..: linalg.f.works.
Nur in ..: linalg.mod.
Nur in ..: linalg.o.
Nur in ..: madelung.mod.
Nur in ..: madelung.o.
Nur in ..: md.f.bak.
Nur in ..: md.f.bak1.
Nur in ..: md.mod.
Nur in ..: md.o.
Nur in ..: misc1.f!.
Nur in ..: misc.f.bak.
Nur in ..: misc.f.bak10.
Nur in ..: misc.f.bak11.
Nur in ..: misc.f.bak12.
Nur in ..: misc.f.bak13.
Nur in ..: misc.f.bak14.
Nur in ..: misc.f.bak15.
Nur in ..: misc.f.bak16.
Nur in ..: misc.f.bak17.
Nur in ..: misc.f.bak18.
Nur in ..: misc.f.bak19.
Nur in ..: misc.f.bak2.
Nur in ..: misc.f.bak20.
Nur in ..: misc.f.bak21.
Nur in ..: misc.f.bak22.
Nur in ..: misc.f.bak23.
Nur in ..: misc.f.bak3.
Nur in ..: misc.f.bak4.
Nur in ..: misc.f.bak5.
Nur in ..: misc.f.bak6.
Nur in ..: misc.f.bak7.
Nur in ..: misc.f.bak8.
Nur in ..: misc.f.bak9.
Nur in ..: misc.f.works.
Nur in ..: misc.mod.
Nur in ..: misc.o.
Nur in ..: mult.f.bak.
Nur in ..: mult.mod.
Nur in ..: mult.o.
Nur in ..: POINTS.DAT.
Nur in ..: postproc.f.bak.
Nur in ..: postproc.f.bak10.
Nur in ..: postproc.f.bak11.
Nur in ..: postproc.f.bak12.
Nur in ..: postproc.f.bak13.
Nur in ..: postproc.f.bak14.
Nur in ..: postproc.f.bak15.
Nur in ..: postproc.f.bak16.
Nur in ..: postproc.f.bak17.
Nur in ..: postproc.f.bak18.
Nur in ..: postproc.f.bak19.
Nur in ..: postproc.f.bak2.
Nur in ..: postproc.f.bak20.
Nur in ..: postproc.f.bak21.
Nur in ..: postproc.f.bak22.
Nur in ..: postproc.f.bak23.
Nur in ..: postproc.f.bak24.
Nur in ..: postproc.f.bak25.
Nur in ..: postproc.f.bak26.
Nur in ..: postproc.f.bak27.
Nur in ..: postproc.f.bak28.
Nur in ..: postproc.f.bak29.
Nur in ..: postproc.f.bak3.
Nur in ..: postproc.f.bak30.
Nur in ..: postproc.f.bak31.
Nur in ..: postproc.f.bak32.
Nur in ..: postproc.f.bak33.
Nur in ..: postproc.f.bak34.
Nur in ..: postproc.f.bak35.
Nur in ..: postproc.f.bak36.
Nur in ..: postproc.f.bak37.
Nur in ..: postproc.f.bak38.
Nur in ..: postproc.f.bak39.
Nur in ..: postproc.f.bak4.
Nur in ..: postproc.f.bak40.
Nur in ..: postproc.f.bak41.
Nur in ..: postproc.f.bak42.
Nur in ..: postproc.f.bak43.
Nur in ..: postproc.f.bak5.
Nur in ..: postproc.f.bak6.
Nur in ..: postproc.f.bak7.
Nur in ..: postproc.f.bak8.
Nur in ..: postproc.f.bak9.
Nur in ..: postproc.f.fails.
Nur in ..: postproc.f.inprogress.
Nur in ..: postproc.f.works.
Nur in ..: postproc.mod.
Nur in ..: postproc.o.
Nur in ..: put_code.sh.
Nur in ..: readcoords.f.bak.
Nur in ..: readcoords.f.bak2.
Nur in ..: readcoords.f.bak3.
Nur in ..: readcoords.f.bak4.
Nur in ..: readcoords.f.bak5.
Nur in ..: readcoords.f.bak6.
Nur in ..: readcoords.mod.
Nur in ..: readcoords.o.
Nur in ..: replace.f.bak.
Nur in ..: replace.f.bak2.
Nur in ..: replace.f.bak3.
Nur in ..: replace.f.bak4.
Nur in ..: replace.f.bak5.
Nur in ..: replace.mod.
Nur in ..: replace.o.
Nur in ..: runcofima.sh.
Nur in ..: sadeco.f.bak.
Nur in ..: structure.cfg.
Nur in ..: symmetry.f.bak.
Nur in ..: symmetry.f.bak2.
Nur in ..: symmetry.f.bak3.
Nur in ..: symmetry.f.bak4.
Nur in ..: symmetry.f.bak5.
Nur in ..: symmetry.f.bak6.
Nur in ..: symmetry.f.bak7.
Nur in ..: symmetry.f.bak8.
Nur in ..: symmetry.f.bak9.
Nur in ..: symmetry.mod.
Nur in ..: symmetry.o.
Nur in ..: tar.sh.
Nur in ..: test.
Nur in ..: TODO.COFIMA.
Nur in ..: TODO.TANG.
Nur in ..: transform.f.bak.
Nur in ..: transform.f.bak2.
Nur in ..: transform.f.bak3.
Nur in ..: transform.f.bak4.
Nur in ..: transform.f.bak5.
Nur in ..: transform.f.bak6.
Nur in ..: transform.f.bak7.
Nur in ..: transform.mod.
Nur in ..: transform.o.
Nur in ..: vasp.
Nur in ..: vz.
Nur in ..: wgetlpmcn.sh.
Nur in ..: wget.sh.
Nur in ..: wget.sh.bak.
Nur in ..: writecoords.f.bak.
Nur in ..: writecoords.f.bak2.
Nur in ..: writecoords.f.bak3.
Nur in ..: writecoords.f.bak4.
Nur in ..: writecoords.f.bak5.
Nur in ..: writecoords.f.bak6.
Nur in ..: writecoords.f.bak7.
Nur in ..: writecoords.mod.
Nur in ..: writecoords.o.
